0 info it worked if it ends with ok
1 verbose cli [ '/usr/bin/node', '/usr/bin/npm', 'run', 'deps' ]
2 info using npm@1.4.28
3 info using node@v0.10.37
4 verbose node symlink /usr/bin/node
5 verbose run-script [ 'predeps', 'deps', 'postdeps' ]
6 info predeps polymer-starter-kit@0.0.0
7 info deps polymer-starter-kit@0.0.0
8 verbose unsafe-perm in lifecycle true
9 info polymer-starter-kit@0.0.0 Failed to exec deps script
10 error polymer-starter-kit@0.0.0 deps: `npm install -g gulp && npm install -g bower && npm install && bower install`
10 error Exit status 1
11 error Failed at the polymer-starter-kit@0.0.0 deps script.
11 error This is most likely a problem with the polymer-starter-kit package,
11 error not with npm itself.
11 error Tell the author that this fails on your system:
11 error     npm install -g gulp && npm install -g bower && npm install && bower install
11 error You can get their info via:
11 error     npm owner ls polymer-starter-kit
11 error There is likely additional logging output above.
12 error System Linux 3.16.0-37-lowlatency
13 error command "/usr/bin/node" "/usr/bin/npm" "run" "deps"
14 error cwd /home/margot/Desktop/PaginaPolymer/polymer-starter-kit-1.0.0
15 error node -v v0.10.37
16 error npm -v 1.4.28
17 error code ELIFECYCLE
18 verbose exit [ 1, true ]
